# JRE version: Java(TM) SE Runtime Environment (11.0.6+8) (build 11.0.6+8-LTS)
# Java VM: Java HotSpot(TM) 64-Bit Server VM (11.0.6+8-LTS, mixed mode, tiered, compressed oops, g1 gc, windows-amd64)
Heap:
 garbage-first heap   total 189440K, used 59350K [0x0000000081e00000, 0x0000000100000000)
  region size 1024K, 20 young (20480K), 3 survivors (3072K)
 Metaspace       used 82503K, capacity 84240K, committed 84352K, reserved 1122304K
  class space    used 10357K, capacity 11039K, committed 11136K, reserved 1048576K
GC Heap History (10 events):
Event: 11.626 GC heap before
{Heap before GC invocations=14 (full 0):
 garbage-first heap   total 157696K, used 99525K [0x0000000081e00000, 0x0000000100000000)
  region size 1024K, 83 young (84992K), 8 survivors (8192K)
 Metaspace       used 65625K, capacity 66967K, committed 67200K, reserved 1107968K
  class space    used 8315K, capacity 8818K, committed 8832K, reserved 1048576K
}
Event: 11.640 GC heap after
{Heap after GC invocations=15 (full 0):
 garbage-first heap   total 189440K, used 25385K [0x0000000081e00000, 0x0000000100000000)
  region size 1024K, 8 young (8192K), 8 survivors (8192K)
 Metaspace       used 65625K, capacity 66967K, committed 67200K, reserved 1107968K
  class space    used 8315K, capacity 8818K, committed 8832K, reserved 1048576K
}
Event: 12.447 GC heap before
{Heap before GC invocations=15 (full 0):
 garbage-first heap   total 189440K, used 123689K [0x0000000081e00000, 0x0000000100000000)
  region size 1024K, 104 young (106496K), 8 survivors (8192K)
 Metaspace       used 67159K, capacity 68590K, committed 68736K, reserved 1110016K
  class space    used 8495K, capacity 9008K, committed 9088K, reserved 1048576K
}
Event: 12.459 GC heap after
{Heap after GC invocations=16 (full 0):
 garbage-first heap   total 189440K, used 26960K [0x0000000081e00000, 0x0000000100000000)
  region size 1024K, 7 young (7168K), 7 survivors (7168K)
 Metaspace       used 67159K, capacity 68590K, committed 68736K, reserved 1110016K
  class space    used 8495K, capacity 9008K, committed 9088K, reserved 1048576K
}
Event: 14.498 GC heap before
{Heap before GC invocations=16 (full 0):
 garbage-first heap   total 189440K, used 134480K [0x0000000081e00000, 0x0000000100000000)
  region size 1024K, 111 young (113664K), 7 survivors (7168K)
 Metaspace       used 75414K, capacity 77086K, committed 77312K, reserved 1116160K
  class space    used 9569K, capacity 10178K, committed 10240K, reserved 1048576K
}
Event: 14.514 GC heap after
{Heap after GC invocations=17 (full 0):
 garbage-first heap   total 189440K, used 35550K [0x0000000081e00000, 0x0000000100000000)
  region size 1024K, 14 young (14336K), 14 survivors (14336K)
 Metaspace       used 75414K, capacity 77086K, committed 77312K, reserved 1116160K
  class space    used 9569K, capacity 10178K, committed 10240K, reserved 1048576K
}
Event: 15.403 GC heap before
{Heap before GC invocations=17 (full 0):
 garbage-first heap   total 189440K, used 136926K [0x0000000081e00000, 0x0000000100000000)
  region size 1024K, 111 young (113664K), 14 survivors (14336K)
 Metaspace       used 75697K, capacity 77386K, committed 77568K, reserved 1116160K
  class space    used 9584K, capacity 10213K, committed 10240K, reserved 1048576K
}
Event: 15.433 GC heap after
{Heap after GC invocations=18 (full 0):
 garbage-first heap   total 189440K, used 47964K [0x0000000081e00000, 0x0000000100000000)
  region size 1024K, 14 young (14336K), 14 survivors (14336K)
 Metaspace       used 75697K, capacity 77386K, committed 77568K, reserved 1116160K
  class space    used 9584K, capacity 10213K, committed 10240K, reserved 1048576K
}
Event: 33.663 GC heap before
{Heap before GC invocations=18 (full 0):
 garbage-first heap   total 189440K, used 138076K [0x0000000081e00000, 0x0000000100000000)
  region size 1024K, 101 young (103424K), 14 survivors (14336K)
 Metaspace       used 79818K, capacity 81571K, committed 81664K, reserved 1120256K
  class space    used 10052K, capacity 10728K, committed 10752K, reserved 1048576K
}
Event: 33.678 GC heap after
{Heap after GC invocations=19 (full 0):
 garbage-first heap   total 189440K, used 43990K [0x0000000081e00000, 0x0000000100000000)
  region size 1024K, 3 young (3072K), 3 survivors (3072K)
 Metaspace       used 79818K, capacity 81571K, committed 81664K, reserved 1120256K
  class space    used 10052K, capacity 10728K, committed 10752K, reserved 1048576K
}

